This file contains any messages produced by compilers while
running configure, to aid debugging if configure makes a mistake.

It was created by MD5DEEP configure 3.1, which was
generated by GNU Autoconf 2.59.  Invocation command line was

  $ ./configure 

## --------- ##
## Platform. ##
## --------- ##

hostname = marcio-desktop
uname -m = i686
uname -r = 2.6.27-7-generic
uname -s = Linux
uname -v = #1 SMP Fri Oct 24 06:42:44 UTC 2008

/usr/bin/uname -p = unknown
/bin/uname -X     = unknown

/bin/arch              = unknown
/usr/bin/arch -k       = unknown
/usr/convex/getsysinfo = unknown
hostinfo               = unknown
/bin/machine           = unknown
/usr/bin/oslevel       = unknown
/bin/universe          = unknown

PATH: /usr/local/apache-ant-1.7.1/bin
PATH: /usr/local/sbin
PATH: /usr/local/bin
PATH: /usr/sbin
PATH: /usr/bin
PATH: /sbin
PATH: /bin
PATH: /usr/games


## ----------- ##
## Core tests. ##
## ----------- ##

configure:1356: checking for a BSD-compatible install
configure:1411: result: /usr/bin/install -c
configure:1422: checking whether build environment is sane
configure:1465: result: yes
configure:1498: checking for gawk
configure:1527: result: no
configure:1498: checking for mawk
configure:1514: found /usr/bin/mawk
configure:1524: result: mawk
configure:1534: checking whether make sets $(MAKE)
configure:1554: result: yes
configure:1714: checking build system type
configure:1732: result: i686-pc-linux-gnu
configure:1740: checking host system type
configure:1754: result: i686-pc-linux-gnu
configure:1818: checking for gcc
configure:1834: found /usr/bin/gcc
configure:1844: result: gcc
configure:2088: checking for C compiler version
configure:2091: gcc --version </dev/null >&5
gcc (Ubuntu 4.3.2-1ubuntu11) 4.3.2
Copyright (C) 2008 Free Software Foundation, Inc.
This is free software; see the source for copying conditions.  There is NO
warranty; not even for MERCHANTABILITY or FITNESS FOR A PARTICULAR PURPOSE.

configure:2094: $? = 0
configure:2096: gcc -v </dev/null >&5
Using built-in specs.
Target: i486-linux-gnu
Configured with: ../src/configure -v --with-pkgversion='Ubuntu 4.3.2-1ubuntu11' --with-bugurl=file:///usr/share/doc/gcc-4.3/README.Bugs --enable-languages=c,c++,fortran,objc,obj-c++ --prefix=/usr --enable-shared --with-system-zlib --libexecdir=/usr/lib --without-included-gettext --enable-threads=posix --enable-nls --with-gxx-include-dir=/usr/include/c++/4.3 --program-suffix=-4.3 --enable-clocale=gnu --enable-libstdcxx-debug --enable-objc-gc --enable-mpfr --enable-targets=all --enable-checking=release --build=i486-linux-gnu --host=i486-linux-gnu --target=i486-linux-gnu
Thread model: posix
gcc version 4.3.2 (Ubuntu 4.3.2-1ubuntu11) 
configure:2099: $? = 0
configure:2101: gcc -V </dev/null >&5
gcc: '-V' option must have argument
configure:2104: $? = 1
configure:2127: checking for C compiler default output file name
configure:2130: gcc    conftest.c  >&5
configure:2133: $? = 0
configure:2179: result: a.out
configure:2184: checking whether the C compiler works
configure:2190: ./a.out
configure:2193: $? = 0
configure:2210: result: yes
configure:2217: checking whether we are cross compiling
configure:2219: result: no
configure:2222: checking for suffix of executables
configure:2224: gcc -o conftest    conftest.c  >&5
configure:2227: $? = 0
configure:2252: result: 
configure:2258: checking for suffix of object files
configure:2279: gcc -c   conftest.c >&5
configure:2282: $? = 0
configure:2304: result: o
configure:2308: checking whether we are using the GNU C compiler
configure:2332: gcc -c   conftest.c >&5
configure:2338: $? = 0
configure:2342: test -z 
			 || test ! -s conftest.err
configure:2345: $? = 0
configure:2348: test -s conftest.o
configure:2351: $? = 0
configure:2364: result: yes
configure:2370: checking whether gcc accepts -g
configure:2391: gcc -c -g  conftest.c >&5
configure:2397: $? = 0
configure:2401: test -z 
			 || test ! -s conftest.err
configure:2404: $? = 0
configure:2407: test -s conftest.o
configure:2410: $? = 0
configure:2421: result: yes
configure:2438: checking for gcc option to accept ANSI C
configure:2508: gcc  -c -g -O2  conftest.c >&5
configure:2514: $? = 0
configure:2518: test -z 
			 || test ! -s conftest.err
configure:2521: $? = 0
configure:2524: test -s conftest.o
configure:2527: $? = 0
configure:2545: result: none needed
configure:2563: gcc -c -g -O2  conftest.c >&5
conftest.c:2: error: expected '=', ',', ';', 'asm' or '__attribute__' before 'me'
configure:2569: $? = 1
configure: failed program was:
| #ifndef __cplusplus
|   choke me
| #endif
configure:2721: checking for style of include used by make
configure:2749: result: GNU
configure:2777: checking dependency style of gcc
configure:2839: result: gcc3
configure:2857: checking for a BSD-compatible install
configure:2912: result: /usr/bin/install -c
configure:2954: checking for dirent.h that defines DIR
configure:2978: gcc -c -I/usr/local/include -g -O2 -I/usr/local/include  conftest.c >&5
configure:2984: $? = 0
configure:2988: test -z 
			 || test ! -s conftest.err
configure:2991: $? = 0
configure:2994: test -s conftest.o
configure:2997: $? = 0
configure:3008: result: yes
configure:3021: checking for library containing opendir
configure:3051: gcc -o conftest -I/usr/local/include -g -O2 -I/usr/local/include  -L/usr/local/lib  conftest.c  >&5
configure:3057: $? = 0
configure:3061: test -z 
			 || test ! -s conftest.err
configure:3064: $? = 0
configure:3067: test -s conftest
configure:3070: $? = 0
configure:3140: result: none required
configure:3281: checking how to run the C preprocessor
configure:3316: gcc -E -I/usr/local/include  conftest.c
configure:3322: $? = 0
configure:3354: gcc -E -I/usr/local/include  conftest.c
conftest.c:14:28: error: ac_nonexistent.h: No such file or directory
configure:3360: $? = 1
configure: failed program was:
| /* confdefs.h.  */
| 
| #define PACKAGE_NAME "MD5DEEP"
| #define PACKAGE_TARNAME "md5deep"
| #define PACKAGE_VERSION "3.1"
| #define PACKAGE_STRING "MD5DEEP 3.1"
| #define PACKAGE_BUGREPORT "md5deep@jessekornblum.com"
| #define PACKAGE "md5deep"
| #define VERSION "3.1"
| #define _GNU_SOURCE 1
| #define __LINUX__ 1
| #define HAVE_DIRENT_H 1
| /* end confdefs.h.  */
| #include <ac_nonexistent.h>
configure:3399: result: gcc -E
configure:3423: gcc -E -I/usr/local/include  conftest.c
configure:3429: $? = 0
configure:3461: gcc -E -I/usr/local/include  conftest.c
conftest.c:14:28: error: ac_nonexistent.h: No such file or directory
configure:3467: $? = 1
configure: failed program was:
| /* confdefs.h.  */
| 
| #define PACKAGE_NAME "MD5DEEP"
| #define PACKAGE_TARNAME "md5deep"
| #define PACKAGE_VERSION "3.1"
| #define PACKAGE_STRING "MD5DEEP 3.1"
| #define PACKAGE_BUGREPORT "md5deep@jessekornblum.com"
| #define PACKAGE "md5deep"
| #define VERSION "3.1"
| #define _GNU_SOURCE 1
| #define __LINUX__ 1
| #define HAVE_DIRENT_H 1
| /* end confdefs.h.  */
| #include <ac_nonexistent.h>
configure:3511: checking for egrep
configure:3521: result: grep -E
configure:3526: checking for ANSI C header files
configure:3551: gcc -c -I/usr/local/include -g -O2 -I/usr/local/include  conftest.c >&5
configure:3557: $? = 0
configure:3561: test -z 
			 || test ! -s conftest.err
configure:3564: $? = 0
configure:3567: test -s conftest.o
configure:3570: $? = 0
configure:3659: gcc -o conftest -I/usr/local/include -g -O2 -I/usr/local/include  -L/usr/local/lib  conftest.c  >&5
conftest.c: In function 'main':
conftest.c:31: warning: incompatible implicit declaration of built-in function 'exit'
configure:3662: $? = 0
configure:3664: ./conftest
configure:3667: $? = 0
configure:3682: result: yes
configure:3706: checking for sys/types.h
configure:3722: gcc -c -I/usr/local/include -g -O2 -I/usr/local/include  conftest.c >&5
configure:3728: $? = 0
configure:3732: test -z 
			 || test ! -s conftest.err
configure:3735: $? = 0
configure:3738: test -s conftest.o
configure:3741: $? = 0
configure:3752: result: yes
configure:3706: checking for sys/stat.h
configure:3722: gcc -c -I/usr/local/include -g -O2 -I/usr/local/include  conftest.c >&5
configure:3728: $? = 0
configure:3732: test -z 
			 || test ! -s conftest.err
configure:3735: $? = 0
configure:3738: test -s conftest.o
configure:3741: $? = 0
configure:3752: result: yes
configure:3706: checking for stdlib.h
configure:3722: gcc -c -I/usr/local/include -g -O2 -I/usr/local/include  conftest.c >&5
configure:3728: $? = 0
configure:3732: test -z 
			 || test ! -s conftest.err
configure:3735: $? = 0
configure:3738: test -s conftest.o
configure:3741: $? = 0
configure:3752: result: yes
configure:3706: checking for string.h
configure:3722: gcc -c -I/usr/local/include -g -O2 -I/usr/local/include  conftest.c >&5
configure:3728: $? = 0
configure:3732: test -z 
			 || test ! -s conftest.err
configure:3735: $? = 0
configure:3738: test -s conftest.o
configure:3741: $? = 0
configure:3752: result: yes
configure:3706: checking for memory.h
configure:3722: gcc -c -I/usr/local/include -g -O2 -I/usr/local/include  conftest.c >&5
configure:3728: $? = 0
configure:3732: test -z 
			 || test ! -s conftest.err
configure:3735: $? = 0
configure:3738: test -s conftest.o
configure:3741: $? = 0
configure:3752: result: yes
configure:3706: checking for strings.h
configure:3722: gcc -c -I/usr/local/include -g -O2 -I/usr/local/include  conftest.c >&5
configure:3728: $? = 0
configure:3732: test -z 
			 || test ! -s conftest.err
configure:3735: $? = 0
configure:3738: test -s conftest.o
configure:3741: $? = 0
configure:3752: result: yes
configure:3706: checking for inttypes.h
configure:3722: gcc -c -I/usr/local/include -g -O2 -I/usr/local/include  conftest.c >&5
configure:3728: $? = 0
configure:3732: test -z 
			 || test ! -s conftest.err
configure:3735: $? = 0
configure:3738: test -s conftest.o
configure:3741: $? = 0
configure:3752: result: yes
configure:3706: checking for stdint.h
configure:3722: gcc -c -I/usr/local/include -g -O2 -I/usr/local/include  conftest.c >&5
configure:3728: $? = 0
configure:3732: test -z 
			 || test ! -s conftest.err
configure:3735: $? = 0
configure:3738: test -s conftest.o
configure:3741: $? = 0
configure:3752: result: yes
configure:3706: checking for unistd.h
configure:3722: gcc -c -I/usr/local/include -g -O2 -I/usr/local/include  conftest.c >&5
configure:3728: $? = 0
configure:3732: test -z 
			 || test ! -s conftest.err
configure:3735: $? = 0
configure:3738: test -s conftest.o
configure:3741: $? = 0
configure:3752: result: yes
configure:3789: checking libgen.h usability
configure:3801: gcc -c -I/usr/local/include -g -O2 -I/usr/local/include  conftest.c >&5
configure:3807: $? = 0
configure:3811: test -z 
			 || test ! -s conftest.err
configure:3814: $? = 0
configure:3817: test -s conftest.o
configure:3820: $? = 0
configure:3830: result: yes
configure:3834: checking libgen.h presence
configure:3844: gcc -E -I/usr/local/include  conftest.c
configure:3850: $? = 0
configure:3870: result: yes
configure:3905: checking for libgen.h
configure:3912: result: yes
configure:3789: checking fcntl.h usability
configure:3801: gcc -c -I/usr/local/include -g -O2 -I/usr/local/include  conftest.c >&5
configure:3807: $? = 0
configure:3811: test -z 
			 || test ! -s conftest.err
configure:3814: $? = 0
configure:3817: test -s conftest.o
configure:3820: $? = 0
configure:3830: result: yes
configure:3834: checking fcntl.h presence
configure:3844: gcc -E -I/usr/local/include  conftest.c
configure:3850: $? = 0
configure:3870: result: yes
configure:3905: checking for fcntl.h
configure:3912: result: yes
configure:3789: checking limits.h usability
configure:3801: gcc -c -I/usr/local/include -g -O2 -I/usr/local/include  conftest.c >&5
configure:3807: $? = 0
configure:3811: test -z 
			 || test ! -s conftest.err
configure:3814: $? = 0
configure:3817: test -s conftest.o
configure:3820: $? = 0
configure:3830: result: yes
configure:3834: checking limits.h presence
configure:3844: gcc -E -I/usr/local/include  conftest.c
configure:3850: $? = 0
configure:3870: result: yes
configure:3905: checking for limits.h
configure:3912: result: yes
configure:3780: checking for stdlib.h
configure:3785: result: yes
configure:3780: checking for string.h
configure:3785: result: yes
configure:3780: checking for sys/types.h
configure:3785: result: yes
configure:3789: checking sys/ioctl.h usability
configure:3801: gcc -c -I/usr/local/include -g -O2 -I/usr/local/include  conftest.c >&5
configure:3807: $? = 0
configure:3811: test -z 
			 || test ! -s conftest.err
configure:3814: $? = 0
configure:3817: test -s conftest.o
configure:3820: $? = 0
configure:3830: result: yes
configure:3834: checking sys/ioctl.h presence
configure:3844: gcc -E -I/usr/local/include  conftest.c
configure:3850: $? = 0
configure:3870: result: yes
configure:3905: checking for sys/ioctl.h
configure:3912: result: yes
configure:3789: checking sys/param.h usability
configure:3801: gcc -c -I/usr/local/include -g -O2 -I/usr/local/include  conftest.c >&5
configure:3807: $? = 0
configure:3811: test -z 
			 || test ! -s conftest.err
configure:3814: $? = 0
configure:3817: test -s conftest.o
configure:3820: $? = 0
configure:3830: result: yes
configure:3834: checking sys/param.h presence
configure:3844: gcc -E -I/usr/local/include  conftest.c
configure:3850: $? = 0
configure:3870: result: yes
configure:3905: checking for sys/param.h
configure:3912: result: yes
configure:3789: checking wchar.h usability
configure:3801: gcc -c -I/usr/local/include -g -O2 -I/usr/local/include  conftest.c >&5
configure:3807: $? = 0
configure:3811: test -z 
			 || test ! -s conftest.err
configure:3814: $? = 0
configure:3817: test -s conftest.o
configure:3820: $? = 0
configure:3830: result: yes
configure:3834: checking wchar.h presence
configure:3844: gcc -E -I/usr/local/include  conftest.c
configure:3850: $? = 0
configure:3870: result: yes
configure:3905: checking for wchar.h
configure:3912: result: yes
configure:3780: checking for unistd.h
configure:3785: result: yes
configure:3780: checking for sys/stat.h
configure:3785: result: yes
configure:3789: checking sys/disk.h usability
configure:3801: gcc -c -I/usr/local/include -g -O2 -I/usr/local/include  conftest.c >&5
conftest.c:69:22: error: sys/disk.h: No such file or directory
configure:3807: $? = 1
configure: failed program was:
| /* confdefs.h.  */
| 
| #define PACKAGE_NAME "MD5DEEP"
| #define PACKAGE_TARNAME "md5deep"
| #define PACKAGE_VERSION "3.1"
| #define PACKAGE_STRING "MD5DEEP 3.1"
| #define PACKAGE_BUGREPORT "md5deep@jessekornblum.com"
| #define PACKAGE "md5deep"
| #define VERSION "3.1"
| #define _GNU_SOURCE 1
| #define __LINUX__ 1
| #define HAVE_DIRENT_H 1
| #define STDC_HEADERS 1
| #define HAVE_SYS_TYPES_H 1
| #define HAVE_SYS_STAT_H 1
| #define HAVE_STDLIB_H 1
| #define HAVE_STRING_H 1
| #define HAVE_MEMORY_H 1
| #define HAVE_STRINGS_H 1
| #define HAVE_INTTYPES_H 1
| #define HAVE_STDINT_H 1
| #define HAVE_UNISTD_H 1
| #define HAVE_LIBGEN_H 1
| #define HAVE_FCNTL_H 1
| #define HAVE_LIMITS_H 1
| #define HAVE_STDLIB_H 1
| #define HAVE_STRING_H 1
| #define HAVE_SYS_TYPES_H 1
| #define HAVE_SYS_IOCTL_H 1
| #define HAVE_SYS_PARAM_H 1
| #define HAVE_WCHAR_H 1
| #define HAVE_UNISTD_H 1
| #define HAVE_SYS_STAT_H 1
| /* end confdefs.h.  */
| #include <stdio.h>
| #if HAVE_SYS_TYPES_H
| # include <sys/types.h>
| #endif
| #if HAVE_SYS_STAT_H
| # include <sys/stat.h>
| #endif
| #if STDC_HEADERS
| # include <stdlib.h>
| # include <stddef.h>
| #else
| # if HAVE_STDLIB_H
| #  include <stdlib.h>
| # endif
| #endif
| #if HAVE_STRING_H
| # if !STDC_HEADERS && HAVE_MEMORY_H
| #  include <memory.h>
| # endif
| # include <string.h>
| #endif
| #if HAVE_STRINGS_H
| # include <strings.h>
| #endif
| #if HAVE_INTTYPES_H
| # include <inttypes.h>
| #else
| # if HAVE_STDINT_H
| #  include <stdint.h>
| # endif
| #endif
| #if HAVE_UNISTD_H
| # include <unistd.h>
| #endif
| #include <sys/disk.h>
configure:3830: result: no
configure:3834: checking sys/disk.h presence
configure:3844: gcc -E -I/usr/local/include  conftest.c
conftest.c:35:22: error: sys/disk.h: No such file or directory
configure:3850: $? = 1
configure: failed program was:
| /* confdefs.h.  */
| 
| #define PACKAGE_NAME "MD5DEEP"
| #define PACKAGE_TARNAME "md5deep"
| #define PACKAGE_VERSION "3.1"
| #define PACKAGE_STRING "MD5DEEP 3.1"
| #define PACKAGE_BUGREPORT "md5deep@jessekornblum.com"
| #define PACKAGE "md5deep"
| #define VERSION "3.1"
| #define _GNU_SOURCE 1
| #define __LINUX__ 1
| #define HAVE_DIRENT_H 1
| #define STDC_HEADERS 1
| #define HAVE_SYS_TYPES_H 1
| #define HAVE_SYS_STAT_H 1
| #define HAVE_STDLIB_H 1
| #define HAVE_STRING_H 1
| #define HAVE_MEMORY_H 1
| #define HAVE_STRINGS_H 1
| #define HAVE_INTTYPES_H 1
| #define HAVE_STDINT_H 1
| #define HAVE_UNISTD_H 1
| #define HAVE_LIBGEN_H 1
| #define HAVE_FCNTL_H 1
| #define HAVE_LIMITS_H 1
| #define HAVE_STDLIB_H 1
| #define HAVE_STRING_H 1
| #define HAVE_SYS_TYPES_H 1
| #define HAVE_SYS_IOCTL_H 1
| #define HAVE_SYS_PARAM_H 1
| #define HAVE_WCHAR_H 1
| #define HAVE_UNISTD_H 1
| #define HAVE_SYS_STAT_H 1
| /* end confdefs.h.  */
| #include <sys/disk.h>
configure:3870: result: no
configure:3905: checking for sys/disk.h
configure:3912: result: no
configure:3927: checking for inttypes.h
configure:3932: result: yes
configure:4078: checking for sys/mount.h
configure:4099: gcc -c -I/usr/local/include -g -O2 -I/usr/local/include  conftest.c >&5
configure:4105: $? = 0
configure:4109: test -z 
			 || test ! -s conftest.err
configure:4112: $? = 0
configure:4115: test -s conftest.o
configure:4118: $? = 0
configure:4129: result: yes
configure:4141: checking whether time.h and sys/time.h may both be included
configure:4166: gcc -c -I/usr/local/include -g -O2 -I/usr/local/include  conftest.c >&5
configure:4172: $? = 0
configure:4176: test -z 
			 || test ! -s conftest.err
configure:4179: $? = 0
configure:4182: test -s conftest.o
configure:4185: $? = 0
configure:4196: result: yes
configure:4207: checking whether byte ordering is bigendian
configure:4234: gcc -c -I/usr/local/include -g -O2 -I/usr/local/include  conftest.c >&5
configure:4240: $? = 0
configure:4244: test -z 
			 || test ! -s conftest.err
configure:4247: $? = 0
configure:4250: test -s conftest.o
configure:4253: $? = 0
configure:4277: gcc -c -I/usr/local/include -g -O2 -I/usr/local/include  conftest.c >&5
conftest.c: In function 'main':
conftest.c:44: error: 'not' undeclared (first use in this function)
conftest.c:44: error: (Each undeclared identifier is reported only once
conftest.c:44: error: for each function it appears in.)
conftest.c:44: error: expected ';' before 'big'
configure:4283: $? = 1
configure: failed program was:
| /* confdefs.h.  */
| 
| #define PACKAGE_NAME "MD5DEEP"
| #define PACKAGE_TARNAME "md5deep"
| #define PACKAGE_VERSION "3.1"
| #define PACKAGE_STRING "MD5DEEP 3.1"
| #define PACKAGE_BUGREPORT "md5deep@jessekornblum.com"
| #define PACKAGE "md5deep"
| #define VERSION "3.1"
| #define _GNU_SOURCE 1
| #define __LINUX__ 1
| #define HAVE_DIRENT_H 1
| #define STDC_HEADERS 1
| #define HAVE_SYS_TYPES_H 1
| #define HAVE_SYS_STAT_H 1
| #define HAVE_STDLIB_H 1
| #define HAVE_STRING_H 1
| #define HAVE_MEMORY_H 1
| #define HAVE_STRINGS_H 1
| #define HAVE_INTTYPES_H 1
| #define HAVE_STDINT_H 1
| #define HAVE_UNISTD_H 1
| #define HAVE_LIBGEN_H 1
| #define HAVE_FCNTL_H 1
| #define HAVE_LIMITS_H 1
| #define HAVE_STDLIB_H 1
| #define HAVE_STRING_H 1
| #define HAVE_SYS_TYPES_H 1
| #define HAVE_SYS_IOCTL_H 1
| #define HAVE_SYS_PARAM_H 1
| #define HAVE_WCHAR_H 1
| #define HAVE_UNISTD_H 1
| #define HAVE_SYS_STAT_H 1
| #define HAVE_SYS_MOUNT_H 1
| #define TIME_WITH_SYS_TIME 1
| /* end confdefs.h.  */
| #include <sys/types.h>
| #include <sys/param.h>
| 
| int
| main ()
| {
| #if BYTE_ORDER != BIG_ENDIAN
|  not big endian
| #endif
| 
|   ;
|   return 0;
| }
configure:4418: result: no
configure:4439: checking for an ANSI C-conforming const
configure:4506: gcc -c -I/usr/local/include -g -O2 -I/usr/local/include  conftest.c >&5
configure:4512: $? = 0
configure:4516: test -z 
			 || test ! -s conftest.err
configure:4519: $? = 0
configure:4522: test -s conftest.o
configure:4525: $? = 0
configure:4536: result: yes
configure:4546: checking for off_t
configure:4570: gcc -c -I/usr/local/include -g -O2 -I/usr/local/include  conftest.c >&5
configure:4576: $? = 0
configure:4580: test -z 
			 || test ! -s conftest.err
configure:4583: $? = 0
configure:4586: test -s conftest.o
configure:4589: $? = 0
configure:4600: result: yes
configure:4612: checking for size_t
configure:4636: gcc -c -I/usr/local/include -g -O2 -I/usr/local/include  conftest.c >&5
configure:4642: $? = 0
configure:4646: test -z 
			 || test ! -s conftest.err
configure:4649: $? = 0
configure:4652: test -s conftest.o
configure:4655: $? = 0
configure:4666: result: yes
configure:4678: checking for struct stat.st_blksize
configure:4701: gcc -c -I/usr/local/include -g -O2 -I/usr/local/include  conftest.c >&5
configure:4707: $? = 0
configure:4711: test -z 
			 || test ! -s conftest.err
configure:4714: $? = 0
configure:4717: test -s conftest.o
configure:4720: $? = 0
configure:4777: result: yes
configure:4790: checking whether closedir returns void
configure:4819: gcc -o conftest -I/usr/local/include -g -O2 -I/usr/local/include  -L/usr/local/lib  conftest.c  >&5
configure:4822: $? = 0
configure:4824: ./conftest
configure:4827: $? = 0
configure:4841: result: no
configure:4851: checking for _LARGEFILE_SOURCE value needed for large files
configure:4874: gcc -c -I/usr/local/include -g -O2 -I/usr/local/include  conftest.c >&5
configure:4880: $? = 0
configure:4884: test -z 
			 || test ! -s conftest.err
configure:4887: $? = 0
configure:4890: test -s conftest.o
configure:4893: $? = 0
configure:4950: result: no
configure:4964: checking for fseeko
configure:4985: gcc -o conftest -I/usr/local/include -g -O2 -I/usr/local/include  -L/usr/local/lib  conftest.c  >&5
configure:4991: $? = 0
configure:4995: test -z 
			 || test ! -s conftest.err
configure:4998: $? = 0
configure:5001: test -s conftest
configure:5004: $? = 0
configure:5016: result: yes
configure:5033: checking for special C compiler options needed for large files
configure:5132: result: no
configure:5138: checking for _FILE_OFFSET_BITS value needed for large files
configure:5169: gcc -c -I/usr/local/include -g -O2 -I/usr/local/include  conftest.c >&5
conftest.c:45: warning: left shift count >= width of type
conftest.c:45: warning: left shift count >= width of type
conftest.c:47: error: size of array 'off_t_is_large' is negative
configure:5175: $? = 1
configure: failed program was:
| /* confdefs.h.  */
| 
| #define PACKAGE_NAME "MD5DEEP"
| #define PACKAGE_TARNAME "md5deep"
| #define PACKAGE_VERSION "3.1"
| #define PACKAGE_STRING "MD5DEEP 3.1"
| #define PACKAGE_BUGREPORT "md5deep@jessekornblum.com"
| #define PACKAGE "md5deep"
| #define VERSION "3.1"
| #define _GNU_SOURCE 1
| #define __LINUX__ 1
| #define HAVE_DIRENT_H 1
| #define STDC_HEADERS 1
| #define HAVE_SYS_TYPES_H 1
| #define HAVE_SYS_STAT_H 1
| #define HAVE_STDLIB_H 1
| #define HAVE_STRING_H 1
| #define HAVE_MEMORY_H 1
| #define HAVE_STRINGS_H 1
| #define HAVE_INTTYPES_H 1
| #define HAVE_STDINT_H 1
| #define HAVE_UNISTD_H 1
| #define HAVE_LIBGEN_H 1
| #define HAVE_FCNTL_H 1
| #define HAVE_LIMITS_H 1
| #define HAVE_STDLIB_H 1
| #define HAVE_STRING_H 1
| #define HAVE_SYS_TYPES_H 1
| #define HAVE_SYS_IOCTL_H 1
| #define HAVE_SYS_PARAM_H 1
| #define HAVE_WCHAR_H 1
| #define HAVE_UNISTD_H 1
| #define HAVE_SYS_STAT_H 1
| #define HAVE_SYS_MOUNT_H 1
| #define TIME_WITH_SYS_TIME 1
| #define HAVE_STRUCT_STAT_ST_BLKSIZE 1
| #define HAVE_FSEEKO 1
| /* end confdefs.h.  */
| #include <sys/types.h>
|  /* Check that off_t can represent 2**63 - 1 correctly.
|     We can't simply define LARGE_OFF_T to be 9223372036854775807,
|     since some C++ compilers masquerading as C compilers
|     incorrectly reject 9223372036854775807.  */
| #define LARGE_OFF_T (((off_t) 1 << 62) - 1 + ((off_t) 1 << 62))
|   int off_t_is_large[(LARGE_OFF_T % 2147483629 == 721
| 		       && LARGE_OFF_T % 2147483647 == 1)
| 		      ? 1 : -1];
| int
| main ()
| {
| 
|   ;
|   return 0;
| }
configure:5222: gcc -c -I/usr/local/include -g -O2 -I/usr/local/include  conftest.c >&5
configure:5228: $? = 0
configure:5232: test -z 
			 || test ! -s conftest.err
configure:5235: $? = 0
configure:5238: test -s conftest.o
configure:5241: $? = 0
configure:5253: result: 64
configure:5263: checking for _LARGE_FILES value needed for large files
configure:5294: gcc -c -I/usr/local/include -g -O2 -I/usr/local/include  conftest.c >&5
configure:5300: $? = 0
configure:5304: test -z 
			 || test ! -s conftest.err
configure:5307: $? = 0
configure:5310: test -s conftest.o
configure:5313: $? = 0
configure:5378: result: no
configure:5391: checking whether gcc needs -traditional
configure:5433: result: no
configure:5440: checking whether lstat dereferences a symlink specified with a trailing slash
configure:5471: gcc -o conftest -I/usr/local/include -g -O2 -I/usr/local/include  -L/usr/local/lib  conftest.c  >&5
configure:5474: $? = 0
configure:5476: ./conftest
configure:5479: $? = 0
configure:5500: result: yes
configure:5521: checking whether lstat accepts an empty string
configure:5546: gcc -o conftest -I/usr/local/include -g -O2 -I/usr/local/include  -L/usr/local/lib  conftest.c  >&5
configure:5549: $? = 0
configure:5551: ./conftest
configure:5554: $? = 1
configure: program exited with status 1
configure: failed program was:
| /* confdefs.h.  */
| 
| #define PACKAGE_NAME "MD5DEEP"
| #define PACKAGE_TARNAME "md5deep"
| #define PACKAGE_VERSION "3.1"
| #define PACKAGE_STRING "MD5DEEP 3.1"
| #define PACKAGE_BUGREPORT "md5deep@jessekornblum.com"
| #define PACKAGE "md5deep"
| #define VERSION "3.1"
| #define _GNU_SOURCE 1
| #define __LINUX__ 1
| #define HAVE_DIRENT_H 1
| #define STDC_HEADERS 1
| #define HAVE_SYS_TYPES_H 1
| #define HAVE_SYS_STAT_H 1
| #define HAVE_STDLIB_H 1
| #define HAVE_STRING_H 1
| #define HAVE_MEMORY_H 1
| #define HAVE_STRINGS_H 1
| #define HAVE_INTTYPES_H 1
| #define HAVE_STDINT_H 1
| #define HAVE_UNISTD_H 1
| #define HAVE_LIBGEN_H 1
| #define HAVE_FCNTL_H 1
| #define HAVE_LIMITS_H 1
| #define HAVE_STDLIB_H 1
| #define HAVE_STRING_H 1
| #define HAVE_SYS_TYPES_H 1
| #define HAVE_SYS_IOCTL_H 1
| #define HAVE_SYS_PARAM_H 1
| #define HAVE_WCHAR_H 1
| #define HAVE_UNISTD_H 1
| #define HAVE_SYS_STAT_H 1
| #define HAVE_SYS_MOUNT_H 1
| #define TIME_WITH_SYS_TIME 1
| #define HAVE_STRUCT_STAT_ST_BLKSIZE 1
| #define HAVE_FSEEKO 1
| #define _FILE_OFFSET_BITS 64
| #define LSTAT_FOLLOWS_SLASHED_SYMLINK 1
| /* end confdefs.h.  */
| #include <stdio.h>
| #if HAVE_SYS_TYPES_H
| # include <sys/types.h>
| #endif
| #if HAVE_SYS_STAT_H
| # include <sys/stat.h>
| #endif
| #if STDC_HEADERS
| # include <stdlib.h>
| # include <stddef.h>
| #else
| # if HAVE_STDLIB_H
| #  include <stdlib.h>
| # endif
| #endif
| #if HAVE_STRING_H
| # if !STDC_HEADERS && HAVE_MEMORY_H
| #  include <memory.h>
| # endif
| # include <string.h>
| #endif
| #if HAVE_STRINGS_H
| # include <strings.h>
| #endif
| #if HAVE_INTTYPES_H
| # include <inttypes.h>
| #else
| # if HAVE_STDINT_H
| #  include <stdint.h>
| # endif
| #endif
| #if HAVE_UNISTD_H
| # include <unistd.h>
| #endif
| int
| main ()
| {
| struct stat sbuf;
|   exit (lstat ("", &sbuf) ? 1 : 0);
|   ;
|   return 0;
| }
configure:5568: result: no
configure:5586: checking whether lstat dereferences a symlink specified with a trailing slash
configure:5646: result: yes
configure:5667: checking for working memcmp
configure:5715: gcc -o conftest -I/usr/local/include -g -O2 -I/usr/local/include  -L/usr/local/lib  conftest.c  >&5
configure:5718: $? = 0
configure:5720: ./conftest
configure:5723: $? = 0
configure:5737: result: yes
configure:5748: checking whether stat accepts an empty string
configure:5773: gcc -o conftest -I/usr/local/include -g -O2 -I/usr/local/include  -L/usr/local/lib  conftest.c  >&5
configure:5776: $? = 0
configure:5778: ./conftest
configure:5781: $? = 1
configure: program exited with status 1
configure: failed program was:
| /* confdefs.h.  */
| 
| #define PACKAGE_NAME "MD5DEEP"
| #define PACKAGE_TARNAME "md5deep"
| #define PACKAGE_VERSION "3.1"
| #define PACKAGE_STRING "MD5DEEP 3.1"
| #define PACKAGE_BUGREPORT "md5deep@jessekornblum.com"
| #define PACKAGE "md5deep"
| #define VERSION "3.1"
| #define _GNU_SOURCE 1
| #define __LINUX__ 1
| #define HAVE_DIRENT_H 1
| #define STDC_HEADERS 1
| #define HAVE_SYS_TYPES_H 1
| #define HAVE_SYS_STAT_H 1
| #define HAVE_STDLIB_H 1
| #define HAVE_STRING_H 1
| #define HAVE_MEMORY_H 1
| #define HAVE_STRINGS_H 1
| #define HAVE_INTTYPES_H 1
| #define HAVE_STDINT_H 1
| #define HAVE_UNISTD_H 1
| #define HAVE_LIBGEN_H 1
| #define HAVE_FCNTL_H 1
| #define HAVE_LIMITS_H 1
| #define HAVE_STDLIB_H 1
| #define HAVE_STRING_H 1
| #define HAVE_SYS_TYPES_H 1
| #define HAVE_SYS_IOCTL_H 1
| #define HAVE_SYS_PARAM_H 1
| #define HAVE_WCHAR_H 1
| #define HAVE_UNISTD_H 1
| #define HAVE_SYS_STAT_H 1
| #define HAVE_SYS_MOUNT_H 1
| #define TIME_WITH_SYS_TIME 1
| #define HAVE_STRUCT_STAT_ST_BLKSIZE 1
| #define HAVE_FSEEKO 1
| #define _FILE_OFFSET_BITS 64
| #define LSTAT_FOLLOWS_SLASHED_SYMLINK 1
| #define LSTAT_FOLLOWS_SLASHED_SYMLINK 1
| /* end confdefs.h.  */
| #include <stdio.h>
| #if HAVE_SYS_TYPES_H
| # include <sys/types.h>
| #endif
| #if HAVE_SYS_STAT_H
| # include <sys/stat.h>
| #endif
| #if STDC_HEADERS
| # include <stdlib.h>
| # include <stddef.h>
| #else
| # if HAVE_STDLIB_H
| #  include <stdlib.h>
| # endif
| #endif
| #if HAVE_STRING_H
| # if !STDC_HEADERS && HAVE_MEMORY_H
| #  include <memory.h>
| # endif
| # include <string.h>
| #endif
| #if HAVE_STRINGS_H
| # include <strings.h>
| #endif
| #if HAVE_INTTYPES_H
| # include <inttypes.h>
| #else
| # if HAVE_STDINT_H
| #  include <stdint.h>
| # endif
| #endif
| #if HAVE_UNISTD_H
| # include <unistd.h>
| #endif
| int
| main ()
| {
| struct stat sbuf;
|   exit (stat ("", &sbuf) ? 1 : 0);
|   ;
|   return 0;
| }
configure:5795: result: no
configure:5817: checking for vprintf
configure:5874: gcc -o conftest -I/usr/local/include -g -O2 -I/usr/local/include  -L/usr/local/lib  conftest.c  >&5
conftest.c:66: warning: conflicting types for built-in function 'vprintf'
configure:5880: $? = 0
configure:5884: test -z 
			 || test ! -s conftest.err
configure:5887: $? = 0
configure:5890: test -s conftest
configure:5893: $? = 0
configure:5905: result: yes
configure:5912: checking for _doprnt
configure:5969: gcc -o conftest -I/usr/local/include -g -O2 -I/usr/local/include  -L/usr/local/lib  conftest.c  >&5
/tmp/cckUhI15.o: In function `main':
/home/marcio/theme-ff3/pinkthemes-ff3/other/md5deep-3.1/conftest.c:82: undefined reference to `_doprnt'
/tmp/cckUhI15.o:(.data+0x0): undefined reference to `_doprnt'
collect2: ld returned 1 exit status
configure:5975: $? = 1
configure: failed program was:
| /* confdefs.h.  */
| 
| #define PACKAGE_NAME "MD5DEEP"
| #define PACKAGE_TARNAME "md5deep"
| #define PACKAGE_VERSION "3.1"
| #define PACKAGE_STRING "MD5DEEP 3.1"
| #define PACKAGE_BUGREPORT "md5deep@jessekornblum.com"
| #define PACKAGE "md5deep"
| #define VERSION "3.1"
| #define _GNU_SOURCE 1
| #define __LINUX__ 1
| #define HAVE_DIRENT_H 1
| #define STDC_HEADERS 1
| #define HAVE_SYS_TYPES_H 1
| #define HAVE_SYS_STAT_H 1
| #define HAVE_STDLIB_H 1
| #define HAVE_STRING_H 1
| #define HAVE_MEMORY_H 1
| #define HAVE_STRINGS_H 1
| #define HAVE_INTTYPES_H 1
| #define HAVE_STDINT_H 1
| #define HAVE_UNISTD_H 1
| #define HAVE_LIBGEN_H 1
| #define HAVE_FCNTL_H 1
| #define HAVE_LIMITS_H 1
| #define HAVE_STDLIB_H 1
| #define HAVE_STRING_H 1
| #define HAVE_SYS_TYPES_H 1
| #define HAVE_SYS_IOCTL_H 1
| #define HAVE_SYS_PARAM_H 1
| #define HAVE_WCHAR_H 1
| #define HAVE_UNISTD_H 1
| #define HAVE_SYS_STAT_H 1
| #define HAVE_SYS_MOUNT_H 1
| #define TIME_WITH_SYS_TIME 1
| #define HAVE_STRUCT_STAT_ST_BLKSIZE 1
| #define HAVE_FSEEKO 1
| #define _FILE_OFFSET_BITS 64
| #define LSTAT_FOLLOWS_SLASHED_SYMLINK 1
| #define LSTAT_FOLLOWS_SLASHED_SYMLINK 1
| #define HAVE_VPRINTF 1
| /* end confdefs.h.  */
| /* Define _doprnt to an innocuous variant, in case <limits.h> declares _doprnt.
|    For example, HP-UX 11i <limits.h> declares gettimeofday.  */
| #define _doprnt innocuous__doprnt
| 
| /* System header to define __stub macros and hopefully few prototypes,
|     which can conflict with char _doprnt (); below.
|     Prefer <limits.h> to <assert.h> if __STDC__ is defined, since
|     <limits.h> exists even on freestanding compilers.  */
| 
| #ifdef __STDC__
| # include <limits.h>
| #else
| # include <assert.h>
| #endif
| 
| #undef _doprnt
| 
| /* Override any gcc2 internal prototype to avoid an error.  */
| #ifdef __cplusplus
| extern "C"
| {
| #endif
| /* We use char because int might match the return type of a gcc2
|    builtin and then its argument prototype would still apply.  */
| char _doprnt ();
| /* The GNU C library defines this for functions which it implements
|     to always fail with ENOSYS.  Some functions are actually named
|     something starting with __ and the normal name is an alias.  */
| #if defined (__stub__doprnt) || defined (__stub____doprnt)
| choke me
| #else
| char (*f) () = _doprnt;
| #endif
| #ifdef __cplusplus
| }
| #endif
| 
| int
| main ()
| {
| return f != _doprnt;
|   ;
|   return 0;
| }
configure:6000: result: no
configure:6018: checking for strsep
configure:6075: gcc -o conftest -I/usr/local/include -g -O2 -I/usr/local/include  -L/usr/local/lib  conftest.c  >&5
configure:6081: $? = 0
configure:6085: test -z 
			 || test ! -s conftest.err
configure:6088: $? = 0
configure:6091: test -s conftest
configure:6094: $? = 0
configure:6106: result: yes
configure:6222: creating ./config.status

## ---------------------- ##
## Running config.status. ##
## ---------------------- ##

This file was extended by MD5DEEP config.status 3.1, which was
generated by GNU Autoconf 2.59.  Invocation command line was

  CONFIG_FILES    = 
  CONFIG_HEADERS  = 
  CONFIG_LINKS    = 
  CONFIG_COMMANDS = 
  $ ./config.status 

on marcio-desktop

config.status:693: creating Makefile
config.status:693: creating hashdeep/Makefile
config.status:693: creating md5deep/Makefile
config.status:797: creating config.h
config.status:1129: executing depfiles commands

## ---------------- ##
## Cache variables. ##
## ---------------- ##

ac_cv_build=i686-pc-linux-gnu
ac_cv_build_alias=i686-pc-linux-gnu
ac_cv_c_bigendian=no
ac_cv_c_compiler_gnu=yes
ac_cv_c_const=yes
ac_cv_env_CC_set=
ac_cv_env_CC_value=
ac_cv_env_CFLAGS_set=
ac_cv_env_CFLAGS_value=
ac_cv_env_CPPFLAGS_set=
ac_cv_env_CPPFLAGS_value=
ac_cv_env_CPP_set=
ac_cv_env_CPP_value=
ac_cv_env_LDFLAGS_set=
ac_cv_env_LDFLAGS_value=
ac_cv_env_build_alias_set=
ac_cv_env_build_alias_value=
ac_cv_env_host_alias_set=
ac_cv_env_host_alias_value=
ac_cv_env_target_alias_set=
ac_cv_env_target_alias_value=
ac_cv_exeext=
ac_cv_func__doprnt=no
ac_cv_func_closedir_void=no
ac_cv_func_fseeko=yes
ac_cv_func_lstat_dereferences_slashed_symlink=yes
ac_cv_func_lstat_empty_string_bug=no
ac_cv_func_memcmp_working=yes
ac_cv_func_stat_empty_string_bug=no
ac_cv_func_strsep=yes
ac_cv_func_vprintf=yes
ac_cv_header_dirent_dirent_h=yes
ac_cv_header_fcntl_h=yes
ac_cv_header_inttypes_h=yes
ac_cv_header_libgen_h=yes
ac_cv_header_limits_h=yes
ac_cv_header_memory_h=yes
ac_cv_header_stdc=yes
ac_cv_header_stdint_h=yes
ac_cv_header_stdlib_h=yes
ac_cv_header_string_h=yes
ac_cv_header_strings_h=yes
ac_cv_header_sys_disk_h=no
ac_cv_header_sys_ioctl_h=yes
ac_cv_header_sys_mount_h=yes
ac_cv_header_sys_param_h=yes
ac_cv_header_sys_stat_h=yes
ac_cv_header_sys_types_h=yes
ac_cv_header_time=yes
ac_cv_header_unistd_h=yes
ac_cv_header_wchar_h=yes
ac_cv_host=i686-pc-linux-gnu
ac_cv_host_alias=i686-pc-linux-gnu
ac_cv_member_struct_stat_st_blksize=yes
ac_cv_objext=o
ac_cv_path_install='/usr/bin/install -c'
ac_cv_prog_AWK=mawk
ac_cv_prog_CPP='gcc -E'
ac_cv_prog_ac_ct_CC=gcc
ac_cv_prog_cc_g=yes
ac_cv_prog_cc_stdc=
ac_cv_prog_egrep='grep -E'
ac_cv_prog_gcc_traditional=no
ac_cv_prog_make_make_set=yes
ac_cv_search_opendir='none required'
ac_cv_sys_file_offset_bits=64
ac_cv_sys_large_files=no
ac_cv_sys_largefile_CC=no
ac_cv_sys_largefile_source=no
ac_cv_type_off_t=yes
ac_cv_type_size_t=yes
am_cv_CC_dependencies_compiler_type=gcc3

## ----------------- ##
## Output variables. ##
## ----------------- ##

ACLOCAL='${SHELL} /home/marcio/theme-ff3/pinkthemes-ff3/other/md5deep-3.1/missing --run aclocal-1.6'
AMDEPBACKSLASH='\'
AMDEP_FALSE='#'
AMDEP_TRUE=''
AMTAR='${SHELL} /home/marcio/theme-ff3/pinkthemes-ff3/other/md5deep-3.1/missing --run tar'
AUTOCONF='${SHELL} /home/marcio/theme-ff3/pinkthemes-ff3/other/md5deep-3.1/missing --run autoconf'
AUTOHEADER='${SHELL} /home/marcio/theme-ff3/pinkthemes-ff3/other/md5deep-3.1/missing --run autoheader'
AUTOMAKE='${SHELL} /home/marcio/theme-ff3/pinkthemes-ff3/other/md5deep-3.1/missing --run automake-1.6'
AWK='mawk'
CC='gcc'
CCDEPMODE='depmode=gcc3'
CFLAGS='-I/usr/local/include -g -O2'
CPP='gcc -E'
CPPFLAGS='-I/usr/local/include '
DEFS='-DHAVE_CONFIG_H'
DEPDIR='.deps'
ECHO_C=''
ECHO_N='-n'
ECHO_T=''
EGREP='grep -E'
EXEEXT=''
EXTRA_HASHDEEP=''
INSTALL_DATA='${INSTALL} -m 644'
INSTALL_PROGRAM='${INSTALL}'
INSTALL_SCRIPT='${INSTALL}'
INSTALL_STRIP_PROGRAM='${SHELL} $(install_sh) -c -s'
LDFLAGS='-L/usr/local/lib '
LIBOBJS=''
LIBS=''
LTLIBOBJS=''
MAKEINFO='${SHELL} /home/marcio/theme-ff3/pinkthemes-ff3/other/md5deep-3.1/missing --run makeinfo'
OBJEXT='o'
PACKAGE='md5deep'
PACKAGE_BUGREPORT='md5deep@jessekornblum.com'
PACKAGE_NAME='MD5DEEP'
PACKAGE_STRING='MD5DEEP 3.1'
PACKAGE_TARNAME='md5deep'
PACKAGE_VERSION='3.1'
PATH_SEPARATOR=':'
SET_MAKE=''
SHELL='/bin/bash'
STRIP=''
VERSION='3.1'
ac_ct_CC='gcc'
ac_ct_STRIP=''
am__include='include'
am__quote=''
bindir='${exec_prefix}/bin'
build='i686-pc-linux-gnu'
build_alias=''
build_cpu='i686'
build_os='linux-gnu'
build_vendor='pc'
datadir='${prefix}/share'
exec_prefix='${prefix}'
host='i686-pc-linux-gnu'
host_alias=''
host_cpu='i686'
host_os='linux-gnu'
host_vendor='pc'
includedir='${prefix}/include'
infodir='${prefix}/info'
install_sh='/home/marcio/theme-ff3/pinkthemes-ff3/other/md5deep-3.1/install-sh'
libdir='${exec_prefix}/lib'
libexecdir='${exec_prefix}/libexec'
localstatedir='${prefix}/var'
mandir='${prefix}/man'
oldincludedir='/usr/include'
prefix='/usr/local'
program_transform_name='s,x,x,'
sbindir='${exec_prefix}/sbin'
sharedstatedir='${prefix}/com'
sysconfdir='${prefix}/etc'
target_alias=''

## ----------- ##
## confdefs.h. ##
## ----------- ##

#define HAVE_DIRENT_H 1
#define HAVE_FCNTL_H 1
#define HAVE_FSEEKO 1
#define HAVE_INTTYPES_H 1
#define HAVE_LIBGEN_H 1
#define HAVE_LIMITS_H 1
#define HAVE_MEMORY_H 1
#define HAVE_STDINT_H 1
#define HAVE_STDLIB_H 1
#define HAVE_STDLIB_H 1
#define HAVE_STRINGS_H 1
#define HAVE_STRING_H 1
#define HAVE_STRING_H 1
#define HAVE_STRSEP 1
#define HAVE_STRUCT_STAT_ST_BLKSIZE 1
#define HAVE_SYS_IOCTL_H 1
#define HAVE_SYS_MOUNT_H 1
#define HAVE_SYS_PARAM_H 1
#define HAVE_SYS_STAT_H 1
#define HAVE_SYS_STAT_H 1
#define HAVE_SYS_TYPES_H 1
#define HAVE_SYS_TYPES_H 1
#define HAVE_UNISTD_H 1
#define HAVE_UNISTD_H 1
#define HAVE_VPRINTF 1
#define HAVE_WCHAR_H 1
#define LSTAT_FOLLOWS_SLASHED_SYMLINK 1
#define LSTAT_FOLLOWS_SLASHED_SYMLINK 1
#define PACKAGE "md5deep"
#define PACKAGE_BUGREPORT "md5deep@jessekornblum.com"
#define PACKAGE_NAME "MD5DEEP"
#define PACKAGE_STRING "MD5DEEP 3.1"
#define PACKAGE_TARNAME "md5deep"
#define PACKAGE_VERSION "3.1"
#define STDC_HEADERS 1
#define TIME_WITH_SYS_TIME 1
#define VERSION "3.1"
#define _FILE_OFFSET_BITS 64
#define _GNU_SOURCE 1
#define __LINUX__ 1

configure: exit 0
